2020-09-30 13:54:56.869 INFO  [localhost-startStop-1]:Initializing Servlet 'dispatcherServlet'
2020-09-30 13:54:57.411 INFO  [localhost-startStop-1]:Cannot enhance @Configuration bean definition 'mvcConf' since its singleton instance has been created too early. The typical cause is a non-static @Bean method with a BeanDefinitionRegistryPostProcessor return type: Consider declaring such methods as 'static'.
2020-09-30 13:54:58.833 INFO  [localhost-startStop-1]:HV000001: Hibernate Validator 6.1.5.Final
2020-09-30 13:54:59.091 INFO  [localhost-startStop-1]:Mapped URL path [/v2/api-docs] onto method [springfox.documentation.swagger2.web.Swagger2Controller#getDocumentation(String, HttpServletRequest)]
2020-09-30 13:54:59.109 INFO  [localhost-startStop-1]:Context refreshed
2020-09-30 13:54:59.128 INFO  [localhost-startStop-1]:Found 1 custom documentation plugin(s)
2020-09-30 13:54:59.162 INFO  [localhost-startStop-1]:Scanning for api listing references
2020-09-30 13:54:59.382 WARN  [localhost-startStop-1]:Trying to infer dataType java.lang.Integer[]
2020-09-30 13:54:59.384 INFO  [localhost-startStop-1]:Generating unique operation named: fileOutPutUsingGET_1
2020-09-30 13:54:59.395 WARN  [localhost-startStop-1]:Trying to infer dataType java.lang.Integer[]
2020-09-30 13:54:59.441 INFO  [localhost-startStop-1]:Completed initialization in 2570 ms
2020-09-30 13:55:24.317 WARN  [http-nio-9001-exec-6]:No mapping for GET /csrf
2020-09-30 13:55:39.382 INFO  [http-nio-9001-exec-3]:hikariDataSource in Hikari System - Starting...
2020-09-30 13:55:39.570 INFO  [http-nio-9001-exec-3]:hikariDataSource in Hikari System - Start completed.
2020-09-30 13:58:22.028 INFO  [localhost-startStop-1]:Initializing Servlet 'dispatcherServlet'
2020-09-30 13:58:22.566 INFO  [localhost-startStop-1]:Cannot enhance @Configuration bean definition 'mvcConf' since its singleton instance has been created too early. The typical cause is a non-static @Bean method with a BeanDefinitionRegistryPostProcessor return type: Consider declaring such methods as 'static'.
2020-09-30 13:58:23.871 INFO  [localhost-startStop-1]:HV000001: Hibernate Validator 6.1.5.Final
2020-09-30 13:58:24.134 INFO  [localhost-startStop-1]:Mapped URL path [/v2/api-docs] onto method [springfox.documentation.swagger2.web.Swagger2Controller#getDocumentation(String, HttpServletRequest)]
2020-09-30 13:58:24.148 INFO  [localhost-startStop-1]:Context refreshed
2020-09-30 13:58:24.177 INFO  [localhost-startStop-1]:Found 1 custom documentation plugin(s)
2020-09-30 13:58:24.211 INFO  [localhost-startStop-1]:Scanning for api listing references
2020-09-30 13:58:24.375 WARN  [localhost-startStop-1]:Trying to infer dataType java.lang.Integer[]
2020-09-30 13:58:24.377 INFO  [localhost-startStop-1]:Generating unique operation named: fileOutPutUsingGET_1
2020-09-30 13:58:24.395 WARN  [localhost-startStop-1]:Trying to infer dataType java.lang.Integer[]
2020-09-30 13:58:24.441 INFO  [localhost-startStop-1]:Completed initialization in 2411 ms
2020-09-30 13:58:33.198 INFO  [http-nio-9001-exec-10]:hikariDataSource in Hikari System - Starting...
2020-09-30 13:58:33.399 INFO  [http-nio-9001-exec-10]:hikariDataSource in Hikari System - Start completed.
2020-09-30 13:58:50.282 INFO  [http-nio-9001-exec-3]:do addViewCount.....
2020-09-30 13:58:50.283 INFO  [http-nio-9001-exec-3]:api about /getException has visited form ip :[127.0.0.1],visited exception id is [99085]
2020-09-30 13:58:50.283 INFO  [http-nio-9001-exec-3]:starting execute add Views....
2020-09-30 13:58:50.374 INFO  [http-nio-9001-exec-3]:execute add result:[true]
2020-09-30 13:59:39.534 INFO  [localhost-startStop-1]:Initializing Servlet 'dispatcherServlet'
2020-09-30 13:59:40.034 INFO  [localhost-startStop-1]:Cannot enhance @Configuration bean definition 'mvcConf' since its singleton instance has been created too early. The typical cause is a non-static @Bean method with a BeanDefinitionRegistryPostProcessor return type: Consider declaring such methods as 'static'.
2020-09-30 13:59:41.617 INFO  [localhost-startStop-1]:HV000001: Hibernate Validator 6.1.5.Final
2020-09-30 13:59:41.882 INFO  [localhost-startStop-1]:Mapped URL path [/v2/api-docs] onto method [springfox.documentation.swagger2.web.Swagger2Controller#getDocumentation(String, HttpServletRequest)]
2020-09-30 13:59:41.897 INFO  [localhost-startStop-1]:Context refreshed
2020-09-30 13:59:41.914 INFO  [localhost-startStop-1]:Found 1 custom documentation plugin(s)
2020-09-30 13:59:41.946 INFO  [localhost-startStop-1]:Scanning for api listing references
2020-09-30 13:59:42.126 WARN  [localhost-startStop-1]:Trying to infer dataType java.lang.Integer[]
2020-09-30 13:59:42.132 INFO  [localhost-startStop-1]:Generating unique operation named: fileOutPutUsingGET_1
2020-09-30 13:59:42.150 WARN  [localhost-startStop-1]:Trying to infer dataType java.lang.Integer[]
2020-09-30 13:59:42.184 INFO  [localhost-startStop-1]:Completed initialization in 2649 ms
2020-09-30 13:59:55.479 INFO  [http-nio-9001-exec-6]:hikariDataSource in Hikari System - Starting...
2020-09-30 13:59:55.671 INFO  [http-nio-9001-exec-6]:hikariDataSource in Hikari System - Start completed.
2020-09-30 14:01:56.293 INFO  [localhost-startStop-1]:Initializing Servlet 'dispatcherServlet'
2020-09-30 14:01:56.850 INFO  [localhost-startStop-1]:Cannot enhance @Configuration bean definition 'mvcConf' since its singleton instance has been created too early. The typical cause is a non-static @Bean method with a BeanDefinitionRegistryPostProcessor return type: Consider declaring such methods as 'static'.
2020-09-30 14:01:58.328 INFO  [localhost-startStop-1]:HV000001: Hibernate Validator 6.1.5.Final
2020-09-30 14:01:58.590 INFO  [localhost-startStop-1]:Mapped URL path [/v2/api-docs] onto method [springfox.documentation.swagger2.web.Swagger2Controller#getDocumentation(String, HttpServletRequest)]
2020-09-30 14:01:58.604 INFO  [localhost-startStop-1]:Context refreshed
2020-09-30 14:01:58.621 INFO  [localhost-startStop-1]:Found 1 custom documentation plugin(s)
2020-09-30 14:01:58.656 INFO  [localhost-startStop-1]:Scanning for api listing references
2020-09-30 14:01:58.787 WARN  [localhost-startStop-1]:Trying to infer dataType java.lang.Integer[]
2020-09-30 14:01:58.789 INFO  [localhost-startStop-1]:Generating unique operation named: fileOutPutUsingGET_1
2020-09-30 14:01:58.801 WARN  [localhost-startStop-1]:Trying to infer dataType java.lang.Integer[]
2020-09-30 14:01:58.851 INFO  [localhost-startStop-1]:Completed initialization in 2556 ms
2020-09-30 14:02:04.878 INFO  [http-nio-9001-exec-5]:hikariDataSource in Hikari System - Starting...
2020-09-30 14:02:05.075 INFO  [http-nio-9001-exec-5]:hikariDataSource in Hikari System - Start completed.
2020-09-30 15:58:49.864 INFO  [localhost-startStop-1]:Initializing Servlet 'dispatcherServlet'
2020-09-30 15:58:50.545 INFO  [localhost-startStop-1]:Cannot enhance @Configuration bean definition 'mvcConf' since its singleton instance has been created too early. The typical cause is a non-static @Bean method with a BeanDefinitionRegistryPostProcessor return type: Consider declaring such methods as 'static'.
2020-09-30 15:58:52.169 INFO  [localhost-startStop-1]:HV000001: Hibernate Validator 6.1.5.Final
2020-09-30 15:58:52.485 INFO  [localhost-startStop-1]:Mapped URL path [/v2/api-docs] onto method [springfox.documentation.swagger2.web.Swagger2Controller#getDocumentation(String, HttpServletRequest)]
2020-09-30 15:58:52.505 INFO  [localhost-startStop-1]:Context refreshed
2020-09-30 15:58:52.574 INFO  [localhost-startStop-1]:Found 1 custom documentation plugin(s)
2020-09-30 15:58:52.608 INFO  [localhost-startStop-1]:Scanning for api listing references
2020-09-30 15:58:52.907 WARN  [localhost-startStop-1]:Trying to infer dataType java.lang.Integer[]
2020-09-30 15:58:52.910 INFO  [localhost-startStop-1]:Generating unique operation named: fileOutPutUsingGET_1
2020-09-30 15:58:52.924 WARN  [localhost-startStop-1]:Trying to infer dataType java.lang.Integer[]
2020-09-30 15:58:53.106 INFO  [localhost-startStop-1]:Completed initialization in 3240 ms
2020-09-30 15:59:28.294 INFO  [http-nio-9001-exec-2]:hikariDataSource in Hikari System - Starting...
2020-09-30 15:59:28.486 INFO  [http-nio-9001-exec-2]:hikariDataSource in Hikari System - Start completed.
2020-09-30 16:02:10.262 INFO  [localhost-startStop-1]:Initializing Servlet 'dispatcherServlet'
2020-09-30 16:02:10.881 INFO  [localhost-startStop-1]:Cannot enhance @Configuration bean definition 'mvcConf' since its singleton instance has been created too early. The typical cause is a non-static @Bean method with a BeanDefinitionRegistryPostProcessor return type: Consider declaring such methods as 'static'.
2020-09-30 16:02:12.235 INFO  [localhost-startStop-1]:HV000001: Hibernate Validator 6.1.5.Final
2020-09-30 16:02:12.481 INFO  [localhost-startStop-1]:Mapped URL path [/v2/api-docs] onto method [springfox.documentation.swagger2.web.Swagger2Controller#getDocumentation(String, HttpServletRequest)]
2020-09-30 16:02:12.498 INFO  [localhost-startStop-1]:Context refreshed
2020-09-30 16:02:12.517 INFO  [localhost-startStop-1]:Found 1 custom documentation plugin(s)
2020-09-30 16:02:12.549 INFO  [localhost-startStop-1]:Scanning for api listing references
2020-09-30 16:02:12.669 WARN  [localhost-startStop-1]:Trying to infer dataType java.lang.Integer[]
2020-09-30 16:02:12.676 INFO  [localhost-startStop-1]:Generating unique operation named: fileOutPutUsingGET_1
2020-09-30 16:02:12.701 WARN  [localhost-startStop-1]:Trying to infer dataType java.lang.Integer[]
2020-09-30 16:02:12.736 INFO  [localhost-startStop-1]:Completed initialization in 2471 ms
2020-09-30 16:02:21.575 INFO  [http-nio-9001-exec-3]:hikariDataSource in Hikari System - Starting...
2020-09-30 16:02:21.768 INFO  [http-nio-9001-exec-3]:hikariDataSource in Hikari System - Start completed.
2020-09-30 17:23:01.027 INFO  [localhost-startStop-1]:Initializing Servlet 'dispatcherServlet'
2020-09-30 17:23:01.543 INFO  [localhost-startStop-1]:Cannot enhance @Configuration bean definition 'mvcConf' since its singleton instance has been created too early. The typical cause is a non-static @Bean method with a BeanDefinitionRegistryPostProcessor return type: Consider declaring such methods as 'static'.
2020-09-30 17:23:02.920 INFO  [localhost-startStop-1]:HV000001: Hibernate Validator 6.1.5.Final
2020-09-30 17:23:03.168 INFO  [localhost-startStop-1]:Mapped URL path [/v2/api-docs] onto method [springfox.documentation.swagger2.web.Swagger2Controller#getDocumentation(String, HttpServletRequest)]
2020-09-30 17:23:03.183 INFO  [localhost-startStop-1]:Context refreshed
2020-09-30 17:23:03.207 INFO  [localhost-startStop-1]:Found 1 custom documentation plugin(s)
2020-09-30 17:23:03.239 INFO  [localhost-startStop-1]:Scanning for api listing references
2020-09-30 17:23:03.428 WARN  [localhost-startStop-1]:Trying to infer dataType java.lang.Integer[]
2020-09-30 17:23:03.430 INFO  [localhost-startStop-1]:Generating unique operation named: fileOutPutUsingGET_1
2020-09-30 17:23:03.445 WARN  [localhost-startStop-1]:Trying to infer dataType java.lang.Integer[]
2020-09-30 17:23:03.511 INFO  [localhost-startStop-1]:Completed initialization in 2482 ms
2020-09-30 17:23:28.601 INFO  [http-nio-9001-exec-5]:hikariDataSource in Hikari System - Starting...
2020-09-30 17:23:28.791 INFO  [http-nio-9001-exec-5]:hikariDataSource in Hikari System - Start completed.
2020-09-30 17:24:12.459 INFO  [localhost-startStop-1]:Initializing Servlet 'dispatcherServlet'
2020-09-30 17:24:13.134 INFO  [localhost-startStop-1]:Cannot enhance @Configuration bean definition 'mvcConf' since its singleton instance has been created too early. The typical cause is a non-static @Bean method with a BeanDefinitionRegistryPostProcessor return type: Consider declaring such methods as 'static'.
2020-09-30 17:24:14.416 INFO  [localhost-startStop-1]:HV000001: Hibernate Validator 6.1.5.Final
2020-09-30 17:24:14.685 INFO  [localhost-startStop-1]:Mapped URL path [/v2/api-docs] onto method [springfox.documentation.swagger2.web.Swagger2Controller#getDocumentation(String, HttpServletRequest)]
2020-09-30 17:24:14.700 INFO  [localhost-startStop-1]:Context refreshed
2020-09-30 17:24:14.716 INFO  [localhost-startStop-1]:Found 1 custom documentation plugin(s)
2020-09-30 17:24:14.743 INFO  [localhost-startStop-1]:Scanning for api listing references
2020-09-30 17:24:14.880 WARN  [localhost-startStop-1]:Trying to infer dataType java.lang.Integer[]
2020-09-30 17:24:14.888 INFO  [localhost-startStop-1]:Generating unique operation named: fileOutPutUsingGET_1
2020-09-30 17:24:14.916 WARN  [localhost-startStop-1]:Trying to infer dataType java.lang.Integer[]
2020-09-30 17:24:14.962 INFO  [localhost-startStop-1]:Completed initialization in 2501 ms
2020-09-30 17:24:37.436 INFO  [http-nio-9001-exec-3]:hikariDataSource in Hikari System - Starting...
2020-09-30 17:24:37.630 INFO  [http-nio-9001-exec-3]:hikariDataSource in Hikari System - Start completed.
2020-09-30 17:25:44.904 INFO  [localhost-startStop-1]:Initializing Servlet 'dispatcherServlet'
2020-09-30 17:25:45.413 INFO  [localhost-startStop-1]:Cannot enhance @Configuration bean definition 'mvcConf' since its singleton instance has been created too early. The typical cause is a non-static @Bean method with a BeanDefinitionRegistryPostProcessor return type: Consider declaring such methods as 'static'.
2020-09-30 17:25:46.864 INFO  [localhost-startStop-1]:HV000001: Hibernate Validator 6.1.5.Final
2020-09-30 17:25:47.123 INFO  [localhost-startStop-1]:Mapped URL path [/v2/api-docs] onto method [springfox.documentation.swagger2.web.Swagger2Controller#getDocumentation(String, HttpServletRequest)]
2020-09-30 17:25:47.139 INFO  [localhost-startStop-1]:Context refreshed
2020-09-30 17:25:47.169 INFO  [localhost-startStop-1]:Found 1 custom documentation plugin(s)
2020-09-30 17:25:47.201 INFO  [localhost-startStop-1]:Scanning for api listing references
2020-09-30 17:25:47.381 WARN  [localhost-startStop-1]:Trying to infer dataType java.lang.Integer[]
2020-09-30 17:25:47.383 INFO  [localhost-startStop-1]:Generating unique operation named: fileOutPutUsingGET_1
2020-09-30 17:25:47.396 WARN  [localhost-startStop-1]:Trying to infer dataType java.lang.Integer[]
2020-09-30 17:25:47.445 INFO  [localhost-startStop-1]:Completed initialization in 2540 ms
2020-09-30 17:26:20.219 INFO  [http-nio-9001-exec-6]:hikariDataSource in Hikari System - Starting...
2020-09-30 17:26:20.585 INFO  [http-nio-9001-exec-6]:hikariDataSource in Hikari System - Start completed.
2020-09-30 17:28:45.410 INFO  [localhost-startStop-1]:Initializing Servlet 'dispatcherServlet'
2020-09-30 17:28:45.940 INFO  [localhost-startStop-1]:Cannot enhance @Configuration bean definition 'mvcConf' since its singleton instance has been created too early. The typical cause is a non-static @Bean method with a BeanDefinitionRegistryPostProcessor return type: Consider declaring such methods as 'static'.
2020-09-30 17:28:47.494 INFO  [localhost-startStop-1]:HV000001: Hibernate Validator 6.1.5.Final
2020-09-30 17:28:47.787 INFO  [localhost-startStop-1]:Mapped URL path [/v2/api-docs] onto method [springfox.documentation.swagger2.web.Swagger2Controller#getDocumentation(String, HttpServletRequest)]
2020-09-30 17:28:47.800 INFO  [localhost-startStop-1]:Context refreshed
2020-09-30 17:28:47.823 INFO  [localhost-startStop-1]:Found 1 custom documentation plugin(s)
2020-09-30 17:28:47.863 INFO  [localhost-startStop-1]:Scanning for api listing references
2020-09-30 17:28:48.054 WARN  [localhost-startStop-1]:Trying to infer dataType java.lang.Integer[]
2020-09-30 17:28:48.063 INFO  [localhost-startStop-1]:Generating unique operation named: fileOutPutUsingGET_1
2020-09-30 17:28:48.077 WARN  [localhost-startStop-1]:Trying to infer dataType java.lang.Integer[]
2020-09-30 17:28:48.151 INFO  [localhost-startStop-1]:Completed initialization in 2739 ms
2020-09-30 17:29:54.936 INFO  [http-nio-9001-exec-5]:hikariDataSource in Hikari System - Starting...
2020-09-30 17:29:55.157 INFO  [http-nio-9001-exec-5]:hikariDataSource in Hikari System - Start completed.
2020-09-30 17:32:23.843 WARN  [hikariDataSource in Hikari System housekeeper]:hikariDataSource in Hikari System - Thread starvation or clock leap detected (housekeeper delta=1m15s735ms718µs35ns).
2020-09-30 17:35:31.105 INFO  [localhost-startStop-1]:Initializing Servlet 'dispatcherServlet'
2020-09-30 17:35:31.697 INFO  [localhost-startStop-1]:Cannot enhance @Configuration bean definition 'mvcConf' since its singleton instance has been created too early. The typical cause is a non-static @Bean method with a BeanDefinitionRegistryPostProcessor return type: Consider declaring such methods as 'static'.
2020-09-30 17:35:33.393 INFO  [localhost-startStop-1]:HV000001: Hibernate Validator 6.1.5.Final
2020-09-30 17:35:33.690 INFO  [localhost-startStop-1]:Mapped URL path [/v2/api-docs] onto method [springfox.documentation.swagger2.web.Swagger2Controller#getDocumentation(String, HttpServletRequest)]
2020-09-30 17:35:33.703 INFO  [localhost-startStop-1]:Context refreshed
2020-09-30 17:35:33.722 INFO  [localhost-startStop-1]:Found 1 custom documentation plugin(s)
2020-09-30 17:35:33.758 INFO  [localhost-startStop-1]:Scanning for api listing references
2020-09-30 17:35:33.914 WARN  [localhost-startStop-1]:Trying to infer dataType java.lang.Integer[]
2020-09-30 17:35:33.916 INFO  [localhost-startStop-1]:Generating unique operation named: fileOutPutUsingGET_1
2020-09-30 17:35:33.935 WARN  [localhost-startStop-1]:Trying to infer dataType java.lang.Integer[]
2020-09-30 17:35:34.018 INFO  [localhost-startStop-1]:Completed initialization in 2911 ms
2020-09-30 17:35:42.229 INFO  [http-nio-9001-exec-5]:hikariDataSource in Hikari System - Starting...
2020-09-30 17:35:42.447 INFO  [http-nio-9001-exec-5]:hikariDataSource in Hikari System - Start completed.
2020-09-30 17:37:07.255 INFO  [localhost-startStop-1]:Initializing Servlet 'dispatcherServlet'
2020-09-30 17:37:07.849 INFO  [localhost-startStop-1]:Cannot enhance @Configuration bean definition 'mvcConf' since its singleton instance has been created too early. The typical cause is a non-static @Bean method with a BeanDefinitionRegistryPostProcessor return type: Consider declaring such methods as 'static'.
2020-09-30 17:37:09.760 INFO  [localhost-startStop-1]:HV000001: Hibernate Validator 6.1.5.Final
2020-09-30 17:37:10.820 INFO  [localhost-startStop-1]:Mapped URL path [/v2/api-docs] onto method [springfox.documentation.swagger2.web.Swagger2Controller#getDocumentation(String, HttpServletRequest)]
2020-09-30 17:37:10.834 INFO  [localhost-startStop-1]:Context refreshed
2020-09-30 17:37:10.855 INFO  [localhost-startStop-1]:Found 1 custom documentation plugin(s)
2020-09-30 17:37:10.892 INFO  [localhost-startStop-1]:Scanning for api listing references
2020-09-30 17:37:11.102 WARN  [localhost-startStop-1]:Trying to infer dataType java.lang.Integer[]
2020-09-30 17:37:11.104 INFO  [localhost-startStop-1]:Generating unique operation named: fileOutPutUsingGET_1
2020-09-30 17:37:11.116 WARN  [localhost-startStop-1]:Trying to infer dataType java.lang.Integer[]
2020-09-30 17:37:11.171 INFO  [localhost-startStop-1]:Completed initialization in 3914 ms
2020-09-30 17:37:17.822 INFO  [http-nio-9001-exec-2]:hikariDataSource in Hikari System - Starting...
2020-09-30 17:37:18.036 INFO  [http-nio-9001-exec-2]:hikariDataSource in Hikari System - Start completed.
